<?xml version="1.0" encoding="UTF-8"?>
<testng-results ignored="2" total="7" passed="4" failed="0" skipped="1">
  <reporter-output>
  </reporter-output>
  <suite started-at="2022-04-22T10:56:54 EEST" name="Surefire suite" finished-at="2022-04-22T11:00:28 EEST" duration-ms="213403">
    <groups>
      <group name="funcTest">
        <method signature="HomePageTests.checkEnterInvalidDate(java.lang.String,java.lang.String)[pri:0, instance:HomePageTests@4386f16]" name="checkEnterInvalidDate" class="HomePageTests"/>
        <method signature="HomePageTests.checkSearching()[pri:0, instance:HomePageTests@4386f16]" name="checkSearching" class="HomePageTests"/>
        <method signature="TDDTests.checkEnterInvalidDateFromXlsx(java.lang.String,java.lang.String)[pri:0, instance:TDDTests@363ee3a2]" name="checkEnterInvalidDateFromXlsx" class="TDDTests"/>
      </group> <!-- funcTest -->
      <group name="checkintest">
        <method signature="HomePageTests.checkSearching()[pri:0, instance:HomePageTests@4386f16]" name="checkSearching" class="HomePageTests"/>
      </group> <!-- checkintest -->
    </groups>
    <test started-at="2022-04-22T10:56:54 EEST" name="Surefire test" finished-at="2022-04-22T11:00:28 EEST" duration-ms="213403">
      <class name="HomePageTests">
        <test-method is-config="true" signature="testsSetUp()[pri:0, instance:HomePageTests@4386f16]" started-at="2022-04-22T10:56:57 EEST" name="testsSetUp" finished-at="2022-04-22T10:57:10 EEST" duration-ms="12454" status="PASS">
          <reporter-output>
          </reporter-output>
        </test-method> <!-- testsSetUp -->
        <test-method signature="checkEnterInvalidDate(java.lang.String,java.lang.String)[pri:0, instance:HomePageTests@4386f16]" started-at="2022-04-22T10:57:10 EEST" name="checkEnterInvalidDate" data-provider="getEmailAndPassword" finished-at="2022-04-22T10:57:22 EEST" duration-ms="12627" status="PASS">
          <params>
            <param index="0">
              <value>
                <![CDATA[user1]]>
              </value>
            </param>
            <param index="1">
              <value>
                <![CDATA[password1]]>
              </value>
            </param>
          </params>
          <reporter-output>
          </reporter-output>
        </test-method> <!-- checkEnterInvalidDate -->
        <test-method is-config="true" signature="closeChromedriver()[pri:0, instance:HomePageTests@4386f16]" started-at="2022-04-22T10:57:22 EEST" name="closeChromedriver" finished-at="2022-04-22T10:57:24 EEST" duration-ms="1444" status="PASS">
          <reporter-output>
          </reporter-output>
        </test-method> <!-- closeChromedriver -->
        <test-method is-config="true" signature="testsSetUp()[pri:0, instance:HomePageTests@4386f16]" started-at="2022-04-22T10:57:24 EEST" name="testsSetUp" finished-at="2022-04-22T10:57:33 EEST" duration-ms="8761" status="PASS">
          <reporter-output>
          </reporter-output>
        </test-method> <!-- testsSetUp -->
        <test-method signature="checkEnterInvalidDate(java.lang.String,java.lang.String)[pri:0, instance:HomePageTests@4386f16]" started-at="2022-04-22T10:57:33 EEST" name="checkEnterInvalidDate" data-provider="getEmailAndPassword" finished-at="2022-04-22T10:59:04 EEST" duration-ms="91163" status="PASS">
          <params>
            <param index="0">
              <value>
                <![CDATA[user2]]>
              </value>
            </param>
            <param index="1">
              <value>
                <![CDATA[password2]]>
              </value>
            </param>
          </params>
          <reporter-output>
          </reporter-output>
        </test-method> <!-- checkEnterInvalidDate -->
        <test-method is-config="true" signature="closeChromedriver()[pri:0, instance:HomePageTests@4386f16]" started-at="2022-04-22T10:59:04 EEST" name="closeChromedriver" finished-at="2022-04-22T10:59:17 EEST" duration-ms="13229" status="PASS">
          <reporter-output>
          </reporter-output>
        </test-method> <!-- closeChromedriver -->
        <test-method is-config="true" signature="testsSetUp()[pri:0, instance:HomePageTests@4386f16]" started-at="2022-04-22T10:59:17 EEST" name="testsSetUp" finished-at="2022-04-22T10:59:25 EEST" duration-ms="8212" status="PASS">
          <reporter-output>
          </reporter-output>
        </test-method> <!-- testsSetUp -->
        <test-method signature="checkEnterInvalidDate(java.lang.String,java.lang.String)[pri:0, instance:HomePageTests@4386f16]" started-at="2022-04-22T10:59:25 EEST" name="checkEnterInvalidDate" data-provider="getEmailAndPassword" finished-at="2022-04-22T10:59:40 EEST" duration-ms="14444" status="PASS">
          <params>
            <param index="0">
              <value>
                <![CDATA[user3]]>
              </value>
            </param>
            <param index="1">
              <value>
                <![CDATA[password3]]>
              </value>
            </param>
          </params>
          <reporter-output>
          </reporter-output>
        </test-method> <!-- checkEnterInvalidDate -->
        <test-method is-config="true" signature="closeChromedriver()[pri:0, instance:HomePageTests@4386f16]" started-at="2022-04-22T10:59:40 EEST" name="closeChromedriver" finished-at="2022-04-22T10:59:42 EEST" duration-ms="2103" status="PASS">
          <reporter-output>
          </reporter-output>
        </test-method> <!-- closeChromedriver -->
        <test-method is-config="true" signature="testsSetUp()[pri:0, instance:HomePageTests@4386f16]" started-at="2022-04-22T10:59:42 EEST" name="testsSetUp" finished-at="2022-04-22T10:59:51 EEST" duration-ms="9569" status="PASS">
          <reporter-output>
          </reporter-output>
        </test-method> <!-- testsSetUp -->
        <test-method signature="checkSearching()[pri:0, instance:HomePageTests@4386f16]" started-at="2022-04-22T10:59:51 EEST" name="checkSearching" finished-at="2022-04-22T11:00:24 EEST" duration-ms="32185" status="PASS">
          <reporter-output>
          </reporter-output>
        </test-method> <!-- checkSearching -->
        <test-method is-config="true" signature="closeChromedriver()[pri:0, instance:HomePageTests@4386f16]" started-at="2022-04-22T11:00:24 EEST" name="closeChromedriver" finished-at="2022-04-22T11:00:25 EEST" duration-ms="1707" status="PASS">
          <reporter-output>
          </reporter-output>
        </test-method> <!-- closeChromedriver -->
      </class> <!-- HomePageTests -->
      <class name="BasePageTests">
        <test-method is-config="true" signature="profileSetUp()[pri:0, instance:BasePageTests@7f010382]" started-at="2022-04-22T10:56:54 EEST" name="profileSetUp" finished-at="2022-04-22T10:56:57 EEST" duration-ms="2847" status="PASS">
          <reporter-output>
          </reporter-output>
        </test-method> <!-- profileSetUp -->
      </class> <!-- BasePageTests -->
      <class name="TDDTests">
        <test-method signature="checkEnterInvalidDateFromXlsx(java.lang.String,java.lang.String)[pri:0, instance:TDDTests@363ee3a2]" started-at="2022-04-22T11:00:28 EEST" name="checkEnterInvalidDateFromXlsx" data-provider="dataOfUsers" finished-at="2022-04-22T11:00:28 EEST" duration-ms="0" status="SKIP">
          <exception class="java.lang.RuntimeException">
            <message>
              <![CDATA[java.lang.NullPointerException: Cannot invoke "org.apache.poi.xssf.usermodel.XSSFSheet.getRow(int)" because "this.sheet" is null]]>
            </message>
            <full-stacktrace>
              <![CDATA[java.lang.RuntimeException: java.lang.NullPointerException: Cannot invoke "org.apache.poi.xssf.usermodel.XSSFSheet.getRow(int)" because "this.sheet" is null
at org.testng.internal.invokers.MethodInvocationHelper.invokeMethodNoCheckedException(MethodInvocationHelper.java:53)
at org.testng.internal.invokers.MethodInvocationHelper.invokeDataProvider(MethodInvocationHelper.java:153)
at org.testng.internal.Parameters.handleParameters(Parameters.java:767)
at org.testng.internal.Parameters.handleParameters(Parameters.java:704)
at org.testng.internal.invokers.ParameterHandler.handleParameters(ParameterHandler.java:70)
at org.testng.internal.invokers.ParameterHandler.createParameters(ParameterHandler.java:49)
at org.testng.internal.invokers.TestInvoker$MethodInvocationAgent.invoke(TestInvoker.java:904)
at org.testng.internal.invokers.TestInvoker.invokeTestMethods(TestInvoker.java:193)
at org.testng.internal.invokers.TestMethodWorker.invokeTestMethods(TestMethodWorker.java:146)
at org.testng.internal.invokers.TestMethodWorker.run(TestMethodWorker.java:128)
at java.base/java.util.ArrayList.forEach(ArrayList.java:1511)
at org.testng.TestRunner.privateRun(TestRunner.java:808)
at org.testng.TestRunner.run(TestRunner.java:603)
at org.testng.SuiteRunner.runTest(SuiteRunner.java:429)
at org.testng.SuiteRunner.runSequentially(SuiteRunner.java:423)
at org.testng.SuiteRunner.privateRun(SuiteRunner.java:383)
at org.testng.SuiteRunner.run(SuiteRunner.java:326)
at org.testng.SuiteRunnerWorker.runSuite(SuiteRunnerWorker.java:52)
at org.testng.SuiteRunnerWorker.run(SuiteRunnerWorker.java:95)
at org.testng.TestNG.runSuitesSequentially(TestNG.java:1249)
at org.testng.TestNG.runSuitesLocally(TestNG.java:1169)
at org.testng.TestNG.runSuites(TestNG.java:1092)
at org.testng.TestNG.run(TestNG.java:1060)
at org.apache.maven.surefire.testng.TestNGExecutor.run(TestNGExecutor.java:151)
at org.apache.maven.surefire.testng.TestNGDirectoryTestSuite.executeMulti(TestNGDirectoryTestSuite.java:192)
at org.apache.maven.surefire.testng.TestNGDirectoryTestSuite.execute(TestNGDirectoryTestSuite.java:93)
at org.apache.maven.surefire.testng.TestNGProvider.invoke(TestNGProvider.java:155)
at org.apache.maven.surefire.booter.ForkedBooter.runSuitesInProcess(ForkedBooter.java:456)
at org.apache.maven.surefire.booter.ForkedBooter.execute(ForkedBooter.java:169)
at org.apache.maven.surefire.booter.ForkedBooter.run(ForkedBooter.java:595)
at org.apache.maven.surefire.booter.ForkedBooter.main(ForkedBooter.java:581)
Caused by: java.lang.NullPointerException: Cannot invoke "org.apache.poi.xssf.usermodel.XSSFSheet.getRow(int)" because "this.sheet" is null
at XlsxReader.getXlsxCountColumns(XlsxReader.java:40)
at XlsxReader.dataOfUsers(XlsxReader.java:52)
at XlsxDataProvider.dataOfUsers(XlsxDataProvider.java:11)
at java.base/jdk.internal.reflect.NativeMethodAccessorImpl.invoke0(Native Method)
at java.base/jdk.internal.reflect.NativeMethodAccessorImpl.invoke(NativeMethodAccessorImpl.java:77)
at java.base/jdk.internal.reflect.DelegatingMethodAccessorImpl.invoke(DelegatingMethodAccessorImpl.java:43)
at java.base/java.lang.reflect.Method.invoke(Method.java:568)
at org.testng.internal.invokers.MethodInvocationHelper.invokeMethod(MethodInvocationHelper.java:135)
at org.testng.internal.invokers.MethodInvocationHelper.invokeMethod(MethodInvocationHelper.java:80)
at org.testng.internal.invokers.MethodInvocationHelper.invokeMethodNoCheckedException(MethodInvocationHelper.java:49)
... 30 more
]]>
            </full-stacktrace>
          </exception> <!-- java.lang.RuntimeException -->
          <reporter-output>
          </reporter-output>
        </test-method> <!-- checkEnterInvalidDateFromXlsx -->
      </class> <!-- TDDTests -->
    </test> <!-- Surefire test -->
  </suite> <!-- Surefire suite -->
</testng-results>
